<?xml version="1.0" encoding="UTF-8"?>
<!-- Generated by org.testng.reporters.JUnitXMLReporter -->
<testsuite hostname="E0443121" ignored="0" name="Default test" tests="6" failures="0" timestamp="20 Jun 2019 10:30:44 GMT" time="92.013" errors="0">
  <testcase name="loginPageTitleTest" time="0.869" classname="ro.vodafone.qa.testcases.LoginPageTest"/>
  <testcase name="vdfLogoTest" time="0.955" classname="ro.vodafone.qa.testcases.LoginPageTest"/>
  <testcase name="loginMethodTest" time="1.367" classname="ro.vodafone.qa.testcases.LoginPageTest"/>
  <testcase name="verifyRecoverUsrnamePageTitle" time="4.637" classname="ro.vodafone.qa.testcases.LoginPageTest"/>
  <testcase name="verifyRecoverPwdPageTitle" time="4.225" classname="ro.vodafone.qa.testcases.LoginPageTest"/>
  <testcase name="verifyRegisterPage" time="5.153" classname="ro.vodafone.qa.testcases.LoginPageTest"/>
</testsuite> <!-- Default test -->
