<?xml version="1.0" encoding="UTF-8"?>
<!-- Generated by org.testng.reporters.JUnitXMLReporter -->
<testsuite hostname="E0443121" ignored="0" name="Default test" tests="6" failures="0" timestamp="07 May 2019 12:58:51 GMT" time="77.814" errors="0">
  <testcase name="loginPageTitleTest" time="0.034" classname="ro.vodafone.qa.testcases.LoginPageTest"/>
  <testcase name="vdfLogoTest" time="0.118" classname="ro.vodafone.qa.testcases.LoginPageTest"/>
  <testcase name="loginMethodTest" time="1.332" classname="ro.vodafone.qa.testcases.LoginPageTest"/>
  <testcase name="verifyRecoverUsrnamePageTitle" time="2.013" classname="ro.vodafone.qa.testcases.LoginPageTest"/>
  <testcase name="verifyRecoverPwdPageTitle" time="3.208" classname="ro.vodafone.qa.testcases.LoginPageTest"/>
  <testcase name="verifyRegisterPage" time="1.994" classname="ro.vodafone.qa.testcases.LoginPageTest"/>
</testsuite> <!-- Default test -->
