<?xml version="1.0" encoding="UTF-8"?>
<!-- Generated by org.testng.reporters.JUnitXMLReporter -->
<testsuite hostname="E0443121" ignored="0" name="Login Test" tests="3" failures="0" timestamp="22 Apr 2019 11:59:36 GMT" time="47.288" errors="0">
  <testcase name="loginPageTitleTest" time="0.021" classname="ro.vodafone.qa.testcases.LoginPageTest"/>
  <testcase name="vdfLogoTest" time="0.053" classname="ro.vodafone.qa.testcases.LoginPageTest"/>
  <testcase name="loginMethodTest" time="0.353" classname="ro.vodafone.qa.testcases.LoginPageTest"/>
</testsuite> <!-- Login Test -->
