<?xml version="1.0" encoding="UTF-8"?>
<testng-results skipped="0" failed="0" ignored="0" total="6" passed="6">
  <reporter-output>
  </reporter-output>
  <suite name="Default suite" duration-ms="77814" started-at="2019-05-07T12:57:33Z" finished-at="2019-05-07T12:58:51Z">
    <groups>
    </groups>
    <test name="Default test" duration-ms="77814" started-at="2019-05-07T12:57:33Z" finished-at="2019-05-07T12:58:51Z">
      <class name="ro.vodafone.qa.testcases.LoginPageTest">
        <test-method status="PASS" signature="setUp()[pri:0, instance:ro.vodafone.qa.testcases.LoginPageTest@6eebc39e]" name="setUp" is-config="true" duration-ms="13999" started-at="2019-05-07T12:57:33Z" finished-at="2019-05-07T12:57:47Z">
          <reporter-output>
          </reporter-output>
        </test-method> <!-- setUp -->
        <test-method status="PASS" signature="loginPageTitleTest()[pri:1, instance:ro.vodafone.qa.testcases.LoginPageTest@6eebc39e]" name="loginPageTitleTest" duration-ms="34" started-at="2019-05-07T12:57:47Z" finished-at="2019-05-07T12:57:47Z">
          <reporter-output>
          </reporter-output>
        </test-method> <!-- loginPageTitleTest -->
        <test-method status="PASS" signature="tearDown()[pri:0, instance:ro.vodafone.qa.testcases.LoginPageTest@6eebc39e]" name="tearDown" is-config="true" duration-ms="1572" started-at="2019-05-07T12:57:47Z" finished-at="2019-05-07T12:57:49Z">
          <reporter-output>
          </reporter-output>
        </test-method> <!-- tearDown -->
        <test-method status="PASS" signature="setUp()[pri:0, instance:ro.vodafone.qa.testcases.LoginPageTest@6eebc39e]" name="setUp" is-config="true" duration-ms="10382" started-at="2019-05-07T12:57:49Z" finished-at="2019-05-07T12:57:59Z">
          <reporter-output>
          </reporter-output>
        </test-method> <!-- setUp -->
        <test-method status="PASS" signature="vdfLogoTest()[pri:2, instance:ro.vodafone.qa.testcases.LoginPageTest@6eebc39e]" name="vdfLogoTest" duration-ms="118" started-at="2019-05-07T12:57:59Z" finished-at="2019-05-07T12:57:59Z">
          <reporter-output>
          </reporter-output>
        </test-method> <!-- vdfLogoTest -->
        <test-method status="PASS" signature="tearDown()[pri:0, instance:ro.vodafone.qa.testcases.LoginPageTest@6eebc39e]" name="tearDown" is-config="true" duration-ms="1659" started-at="2019-05-07T12:57:59Z" finished-at="2019-05-07T12:58:01Z">
          <reporter-output>
          </reporter-output>
        </test-method> <!-- tearDown -->
        <test-method status="PASS" signature="setUp()[pri:0, instance:ro.vodafone.qa.testcases.LoginPageTest@6eebc39e]" name="setUp" is-config="true" duration-ms="9049" started-at="2019-05-07T12:58:01Z" finished-at="2019-05-07T12:58:10Z">
          <reporter-output>
          </reporter-output>
        </test-method> <!-- setUp -->
        <test-method status="PASS" signature="loginMethodTest()[pri:3, instance:ro.vodafone.qa.testcases.LoginPageTest@6eebc39e]" name="loginMethodTest" duration-ms="1332" started-at="2019-05-07T12:58:10Z" finished-at="2019-05-07T12:58:12Z">
          <reporter-output>
          </reporter-output>
        </test-method> <!-- loginMethodTest -->
        <test-method status="PASS" signature="tearDown()[pri:0, instance:ro.vodafone.qa.testcases.LoginPageTest@6eebc39e]" name="tearDown" is-config="true" duration-ms="1458" started-at="2019-05-07T12:58:12Z" finished-at="2019-05-07T12:58:13Z">
          <reporter-output>
          </reporter-output>
        </test-method> <!-- tearDown -->
        <test-method status="PASS" signature="setUp()[pri:0, instance:ro.vodafone.qa.testcases.LoginPageTest@6eebc39e]" name="setUp" is-config="true" duration-ms="9550" started-at="2019-05-07T12:58:13Z" finished-at="2019-05-07T12:58:23Z">
          <reporter-output>
          </reporter-output>
        </test-method> <!-- setUp -->
        <test-method status="PASS" signature="verifyRecoverUsrnamePageTitle()[pri:4, instance:ro.vodafone.qa.testcases.LoginPageTest@6eebc39e]" name="verifyRecoverUsrnamePageTitle" duration-ms="2013" started-at="2019-05-07T12:58:23Z" finished-at="2019-05-07T12:58:25Z">
          <reporter-output>
          </reporter-output>
        </test-method> <!-- verifyRecoverUsrnamePageTitle -->
        <test-method status="PASS" signature="tearDown()[pri:0, instance:ro.vodafone.qa.testcases.LoginPageTest@6eebc39e]" name="tearDown" is-config="true" duration-ms="1338" started-at="2019-05-07T12:58:25Z" finished-at="2019-05-07T12:58:26Z">
          <reporter-output>
          </reporter-output>
        </test-method> <!-- tearDown -->
        <test-method status="PASS" signature="setUp()[pri:0, instance:ro.vodafone.qa.testcases.LoginPageTest@6eebc39e]" name="setUp" is-config="true" duration-ms="7798" started-at="2019-05-07T12:58:26Z" finished-at="2019-05-07T12:58:34Z">
          <reporter-output>
          </reporter-output>
        </test-method> <!-- setUp -->
        <test-method status="PASS" signature="verifyRecoverPwdPageTitle()[pri:5, instance:ro.vodafone.qa.testcases.LoginPageTest@6eebc39e]" name="verifyRecoverPwdPageTitle" duration-ms="3208" started-at="2019-05-07T12:58:34Z" finished-at="2019-05-07T12:58:37Z">
          <reporter-output>
          </reporter-output>
        </test-method> <!-- verifyRecoverPwdPageTitle -->
        <test-method status="PASS" signature="tearDown()[pri:0, instance:ro.vodafone.qa.testcases.LoginPageTest@6eebc39e]" name="tearDown" is-config="true" duration-ms="1622" started-at="2019-05-07T12:58:37Z" finished-at="2019-05-07T12:58:38Z">
          <reporter-output>
          </reporter-output>
        </test-method> <!-- tearDown -->
        <test-method status="PASS" signature="setUp()[pri:0, instance:ro.vodafone.qa.testcases.LoginPageTest@6eebc39e]" name="setUp" is-config="true" duration-ms="8943" started-at="2019-05-07T12:58:38Z" finished-at="2019-05-07T12:58:47Z">
          <reporter-output>
          </reporter-output>
        </test-method> <!-- setUp -->
        <test-method status="PASS" signature="verifyRegisterPage()[pri:6, instance:ro.vodafone.qa.testcases.LoginPageTest@6eebc39e]" name="verifyRegisterPage" duration-ms="1994" started-at="2019-05-07T12:58:47Z" finished-at="2019-05-07T12:58:49Z">
          <reporter-output>
          </reporter-output>
        </test-method> <!-- verifyRegisterPage -->
        <test-method status="PASS" signature="tearDown()[pri:0, instance:ro.vodafone.qa.testcases.LoginPageTest@6eebc39e]" name="tearDown" is-config="true" duration-ms="1624" started-at="2019-05-07T12:58:49Z" finished-at="2019-05-07T12:58:51Z">
          <reporter-output>
          </reporter-output>
        </test-method> <!-- tearDown -->
      </class> <!-- ro.vodafone.qa.testcases.LoginPageTest -->
    </test> <!-- Default test -->
  </suite> <!-- Default suite -->
</testng-results>
